0 info it worked if it ends with ok
1 verbose cli [ 'C:\\Program Files\\nodejs\\node.exe',
1 verbose cli   'C:\\Program Files\\nodejs\\node_modules\\npm\\bin\\npm-cli.js',
1 verbose cli   'run',
1 verbose cli   'ionic:build',
1 verbose cli   '--prod' ]
2 info using npm@3.10.10
3 info using node@v6.10.3
4 verbose run-script [ 'preionic:build', 'ionic:build', 'postionic:build' ]
5 info lifecycle insuranceTracker@0.0.1~preionic:build: insuranceTracker@0.0.1
6 silly lifecycle insuranceTracker@0.0.1~preionic:build: no script for preionic:build, continuing
7 info lifecycle insuranceTracker@0.0.1~ionic:build: insuranceTracker@0.0.1
8 verbose lifecycle insuranceTracker@0.0.1~ionic:build: unsafe-perm in lifecycle true
9 verbose lifecycle insuranceTracker@0.0.1~ionic:build: PATH: C:\Program Files\nodejs\node_modules\npm\bin\node-gyp-bin;D:\New folder\ionic2\insuranceTracker\node_modules\.bin;C:\Users\piyushbha\bin;C:\Program Files\Git\mingw64\bin;C:\Program Files\Git\usr\local\bin;C:\Program Files\Git\usr\bin;C:\Program Files\Git\usr\bin;C:\Program Files\Git\mingw64\bin;C:\Program Files\Git\usr\bin;C:\Users\piyushbha\bin;C:\ProgramData\Oracle\Java\javapath;C:\WINDOWS\system32;C:\WINDOWS;C:\WINDOWS\System32\Wbem;C:\WINDOWS\System32\WindowsPowerShell\v1.0;C:\Windows\CCM;C:\WINDOWS\CCM;C:\WINDOWS\CCM;C:\WINDOWS\CCM;D:\docs\softwares\apache-maven-3.5.0-bin\apache-maven-3.5.0\bin;C:\MongoDB\Server\3.0\bin;C:\Program Files\Java\jdk1.8.0_131\bin;C:\Program Files\nodejs;C:\Users\piyushbha\Downloads\phantomjs-1.9.7-source\phantomjs-1.9.7\src\qt\bin;C:\Program Files\Git\cmd;D:\docs\softwares\activator-1.2.8;D:\docs\softwares\apache-ant-1.8.4\bin;C:\Program Files (x86)\scala\bin;C:\Program Files\PuTTY;C:\HashiCorp\Vagrant\bin;C:\Python27;C:\Program Files (x86)\Google\Cloud SDK\google-cloud-sdk\bin;C:\Ruby24-x64\bin;C:\Users\piyushbha\AppData\Local\Microsoft\WindowsApps;C:\Users\piyushbha\AppData\Roaming\npm;C:\Program Files (x86)\Microsoft VS Code\bin;C:\Python27;C:\Program Files\Git\usr\bin\vendor_perl;C:\Program Files\Git\usr\bin\core_perl
10 verbose lifecycle insuranceTracker@0.0.1~ionic:build: CWD: D:\New folder\ionic2\insuranceTracker
11 silly lifecycle insuranceTracker@0.0.1~ionic:build: Args: [ '/d /s /c', 'ionic-app-scripts build' ]
12 silly lifecycle insuranceTracker@0.0.1~ionic:build: Returned: code: 1  signal: null
13 info lifecycle insuranceTracker@0.0.1~ionic:build: Failed to exec ionic:build script
14 verbose stack Error: insuranceTracker@0.0.1 ionic:build: `ionic-app-scripts build`
14 verbose stack Exit status 1
14 verbose stack     at EventEmitter.<anonymous> (C:\Program Files\nodejs\node_modules\npm\lib\utils\lifecycle.js:255:16)
14 verbose stack     at emitTwo (events.js:106:13)
14 verbose stack     at EventEmitter.emit (events.js:191:7)
14 verbose stack     at ChildProcess.<anonymous> (C:\Program Files\nodejs\node_modules\npm\lib\utils\spawn.js:40:14)
14 verbose stack     at emitTwo (events.js:106:13)
14 verbose stack     at ChildProcess.emit (events.js:191:7)
14 verbose stack     at maybeClose (internal/child_process.js:886:16)
14 verbose stack     at Process.ChildProcess._handle.onexit (internal/child_process.js:226:5)
15 verbose pkgid insuranceTracker@0.0.1
16 verbose cwd D:\New folder\ionic2\insuranceTracker
17 error Windows_NT 10.0.14393
18 error argv "C:\\Program Files\\nodejs\\node.exe" "C:\\Program Files\\nodejs\\node_modules\\npm\\bin\\npm-cli.js" "run" "ionic:build" "--prod"
19 error node v6.10.3
20 error npm  v3.10.10
21 error code ELIFECYCLE
22 error insuranceTracker@0.0.1 ionic:build: `ionic-app-scripts build`
22 error Exit status 1
23 error Failed at the insuranceTracker@0.0.1 ionic:build script 'ionic-app-scripts build'.
23 error Make sure you have the latest version of node.js and npm installed.
23 error If you do, this is most likely a problem with the insuranceTracker package,
23 error not with npm itself.
23 error Tell the author that this fails on your system:
23 error     ionic-app-scripts build
23 error You can get information on how to open an issue for this project with:
23 error     npm bugs insuranceTracker
23 error Or if that isn't available, you can get their info via:
23 error     npm owner ls insuranceTracker
23 error There is likely additional logging output above.
24 verbose exit [ 1, true ]
